2025-07-03 17:27:56,584 - OdinMaster - INFO - Deleted 0 existing documents from ScripMaster
2025-07-03 17:27:56,671 - OdinMaster - INFO - Inserted 8254 new documents into ScripMaster
2025-07-03 17:27:56,689 - OdinMaster - INFO - Data successfully saved to MongoDB collection: ScripMaster
2025-07-03 17:27:56,855 - OdinMaster - INFO - Banned Scrips API call successful!
2025-07-03 17:27:56,856 - OdinMaster - INFO - Message: Banned scrip(s) fetched successfully
2025-07-03 17:27:56,856 - OdinMaster - INFO - No banned scrips found.
2025-07-03 17:27:56,874 - OdinMaster - INFO - MongoDB write for banned_scrip (NSE_EQ): matched=0, modified=0
2025-07-03 17:27:57,021 - OdinMaster - INFO - Holidays for NSE_EQ (2025):
2025-07-03 17:27:57,021 - OdinMaster - INFO - Exchange: NSE_EQ
2025-07-03 17:27:57,021 - OdinMaster - INFO -  - 2025-01-04
2025-07-03 17:27:57,022 - OdinMaster - INFO -  - 2025-01-05
2025-07-03 17:27:57,022 - OdinMaster - INFO -  - 2025-01-11
2025-07-03 17:27:57,022 - OdinMaster - INFO -  - 2025-01-12
2025-07-03 17:27:57,022 - OdinMaster - INFO -  - 2025-01-18
2025-07-03 17:27:57,022 - OdinMaster - INFO -  - 2025-01-19
2025-07-03 17:27:57,023 - OdinMaster - INFO -  - 2025-01-25
2025-07-03 17:27:57,023 - OdinMaster - INFO -  - 2025-01-26
2025-07-03 17:27:57,023 - OdinMaster - INFO -  - 2025-02-02
2025-07-03 17:27:57,023 - OdinMaster - INFO -  - 2025-02-08
2025-07-03 17:27:57,023 - OdinMaster - INFO -  - 2025-02-09
2025-07-03 17:27:57,023 - OdinMaster - INFO -  - 2025-02-15
2025-07-03 17:27:57,023 - OdinMaster - INFO -  - 2025-02-16
2025-07-03 17:27:57,023 - OdinMaster - INFO -  - 2025-02-22
2025-07-03 17:27:57,024 - OdinMaster - INFO -  - 2025-02-23
2025-07-03 17:27:57,024 - OdinMaster - INFO -  - 2025-02-26
2025-07-03 17:27:57,024 - OdinMaster - INFO -  - 2025-03-01
2025-07-03 17:27:57,024 - OdinMaster - INFO -  - 2025-03-02
2025-07-03 17:27:57,024 - OdinMaster - INFO -  - 2025-03-08
2025-07-03 17:27:57,024 - OdinMaster - INFO -  - 2025-03-09
2025-07-03 17:27:57,025 - OdinMaster - INFO -  - 2025-03-14
2025-07-03 17:27:57,025 - OdinMaster - INFO -  - 2025-03-15
2025-07-03 17:27:57,025 - OdinMaster - INFO -  - 2025-03-16
2025-07-03 17:27:57,025 - OdinMaster - INFO -  - 2025-03-22
2025-07-03 17:27:57,025 - OdinMaster - INFO -  - 2025-03-23
2025-07-03 17:27:57,025 - OdinMaster - INFO -  - 2025-03-29
2025-07-03 17:27:57,025 - OdinMaster - INFO -  - 2025-03-30
2025-07-03 17:27:57,026 - OdinMaster - INFO -  - 2025-03-31
2025-07-03 17:27:57,026 - OdinMaster - INFO -  - 2025-04-05
2025-07-03 17:27:57,026 - OdinMaster - INFO -  - 2025-04-06
2025-07-03 17:27:57,026 - OdinMaster - INFO -  - 2025-04-10
2025-07-03 17:27:57,026 - OdinMaster - INFO -  - 2025-04-12
2025-07-03 17:27:57,026 - OdinMaster - INFO -  - 2025-04-13
2025-07-03 17:27:57,026 - OdinMaster - INFO -  - 2025-04-14
2025-07-03 17:27:57,026 - OdinMaster - INFO -  - 2025-04-18
2025-07-03 17:27:57,026 - OdinMaster - INFO -  - 2025-04-19
2025-07-03 17:27:57,026 - OdinMaster - INFO -  - 2025-04-20
2025-07-03 17:27:57,026 - OdinMaster - INFO -  - 2025-04-26
2025-07-03 17:27:57,027 - OdinMaster - INFO -  - 2025-04-27
2025-07-03 17:27:57,027 - OdinMaster - INFO -  - 2025-05-01
2025-07-03 17:27:57,027 - OdinMaster - INFO -  - 2025-05-03
2025-07-03 17:27:57,027 - OdinMaster - INFO -  - 2025-05-04
2025-07-03 17:27:57,027 - OdinMaster - INFO -  - 2025-05-10
2025-07-03 17:27:57,027 - OdinMaster - INFO -  - 2025-05-11
2025-07-03 17:27:57,027 - OdinMaster - INFO -  - 2025-05-17
2025-07-03 17:27:57,027 - OdinMaster - INFO -  - 2025-05-18
2025-07-03 17:27:57,027 - OdinMaster - INFO -  - 2025-05-24
2025-07-03 17:27:57,027 - OdinMaster - INFO -  - 2025-05-25
2025-07-03 17:27:57,027 - OdinMaster - INFO -  - 2025-05-31
2025-07-03 17:27:57,027 - OdinMaster - INFO -  - 2025-06-01
2025-07-03 17:27:57,028 - OdinMaster - INFO -  - 2025-06-07
2025-07-03 17:27:57,028 - OdinMaster - INFO -  - 2025-06-08
2025-07-03 17:27:57,028 - OdinMaster - INFO -  - 2025-06-14
2025-07-03 17:27:57,028 - OdinMaster - INFO -  - 2025-06-15
2025-07-03 17:27:57,028 - OdinMaster - INFO -  - 2025-06-21
2025-07-03 17:27:57,028 - OdinMaster - INFO -  - 2025-06-22
2025-07-03 17:27:57,028 - OdinMaster - INFO -  - 2025-06-28
2025-07-03 17:27:57,028 - OdinMaster - INFO -  - 2025-06-29
2025-07-03 17:27:57,028 - OdinMaster - INFO -  - 2025-07-05
2025-07-03 17:27:57,030 - OdinMaster - INFO -  - 2025-07-06
2025-07-03 17:27:57,030 - OdinMaster - INFO -  - 2025-07-12
2025-07-03 17:27:57,030 - OdinMaster - INFO -  - 2025-07-13
2025-07-03 17:27:57,030 - OdinMaster - INFO -  - 2025-07-19
2025-07-03 17:27:57,030 - OdinMaster - INFO -  - 2025-07-20
2025-07-03 17:27:57,030 - OdinMaster - INFO -  - 2025-07-26
2025-07-03 17:27:57,030 - OdinMaster - INFO -  - 2025-07-27
2025-07-03 17:27:57,030 - OdinMaster - INFO -  - 2025-08-02
2025-07-03 17:27:57,030 - OdinMaster - INFO -  - 2025-08-03
2025-07-03 17:27:57,030 - OdinMaster - INFO -  - 2025-08-09
2025-07-03 17:27:57,031 - OdinMaster - INFO -  - 2025-08-10
2025-07-03 17:27:57,031 - OdinMaster - INFO -  - 2025-08-15
2025-07-03 17:27:57,031 - OdinMaster - INFO -  - 2025-08-16
2025-07-03 17:27:57,031 - OdinMaster - INFO -  - 2025-08-17
2025-07-03 17:27:57,031 - OdinMaster - INFO -  - 2025-08-23
2025-07-03 17:27:57,031 - OdinMaster - INFO -  - 2025-08-24
2025-07-03 17:27:57,031 - OdinMaster - INFO -  - 2025-08-27
2025-07-03 17:27:57,031 - OdinMaster - INFO -  - 2025-08-30
2025-07-03 17:27:57,031 - OdinMaster - INFO -  - 2025-08-31
2025-07-03 17:27:57,031 - OdinMaster - INFO -  - 2025-09-06
2025-07-03 17:27:57,031 - OdinMaster - INFO -  - 2025-09-07
2025-07-03 17:27:57,031 - OdinMaster - INFO -  - 2025-09-13
2025-07-03 17:27:57,032 - OdinMaster - INFO -  - 2025-09-14
2025-07-03 17:27:57,032 - OdinMaster - INFO -  - 2025-09-20
2025-07-03 17:27:57,032 - OdinMaster - INFO -  - 2025-09-21
2025-07-03 17:27:57,032 - OdinMaster - INFO -  - 2025-09-27
2025-07-03 17:27:57,032 - OdinMaster - INFO -  - 2025-09-28
2025-07-03 17:27:57,032 - OdinMaster - INFO -  - 2025-10-02
2025-07-03 17:27:57,032 - OdinMaster - INFO -  - 2025-10-04
2025-07-03 17:27:57,032 - OdinMaster - INFO -  - 2025-10-05
2025-07-03 17:27:57,032 - OdinMaster - INFO -  - 2025-10-11
2025-07-03 17:27:57,032 - OdinMaster - INFO -  - 2025-10-12
2025-07-03 17:27:57,032 - OdinMaster - INFO -  - 2025-10-18
2025-07-03 17:27:57,032 - OdinMaster - INFO -  - 2025-10-19
2025-07-03 17:27:57,033 - OdinMaster - INFO -  - 2025-10-22
2025-07-03 17:27:57,033 - OdinMaster - INFO -  - 2025-10-25
2025-07-03 17:27:57,033 - OdinMaster - INFO -  - 2025-10-26
2025-07-03 17:27:57,033 - OdinMaster - INFO -  - 2025-11-01
2025-07-03 17:27:57,033 - OdinMaster - INFO -  - 2025-11-02
2025-07-03 17:27:57,033 - OdinMaster - INFO -  - 2025-11-05
2025-07-03 17:27:57,033 - OdinMaster - INFO -  - 2025-11-08
2025-07-03 17:27:57,033 - OdinMaster - INFO -  - 2025-11-09
2025-07-03 17:27:57,033 - OdinMaster - INFO -  - 2025-11-15
2025-07-03 17:27:57,034 - OdinMaster - INFO -  - 2025-11-16
2025-07-03 17:27:57,034 - OdinMaster - INFO -  - 2025-11-22
2025-07-03 17:27:57,034 - OdinMaster - INFO -  - 2025-11-23
2025-07-03 17:27:57,034 - OdinMaster - INFO -  - 2025-11-29
2025-07-03 17:27:57,034 - OdinMaster - INFO -  - 2025-11-30
2025-07-03 17:27:57,034 - OdinMaster - INFO -  - 2025-12-06
2025-07-03 17:27:57,034 - OdinMaster - INFO -  - 2025-12-07
2025-07-03 17:27:57,034 - OdinMaster - INFO -  - 2025-12-13
2025-07-03 17:27:57,034 - OdinMaster - INFO -  - 2025-12-14
2025-07-03 17:27:57,035 - OdinMaster - INFO -  - 2025-12-20
2025-07-03 17:27:57,035 - OdinMaster - INFO -  - 2025-12-21
2025-07-03 17:27:57,035 - OdinMaster - INFO -  - 2025-12-25
2025-07-03 17:27:57,035 - OdinMaster - INFO -  - 2025-12-27
2025-07-03 17:27:57,035 - OdinMaster - INFO -  - 2025-12-28
2025-07-03 17:27:57,052 - OdinMaster - INFO - MongoDB write for holiday (NSE_EQ): matched=0, modified=0
2025-07-03 17:27:59,585 - OdinMaster - INFO - Deleted 8254 existing documents from ScripMaster
2025-07-03 17:28:00,175 - OdinMaster - INFO - Inserted 75262 new documents into ScripMaster
2025-07-03 17:28:00,177 - OdinMaster - INFO - Data successfully saved to MongoDB collection: ScripMaster
2025-07-03 17:28:00,264 - OdinMaster - INFO - Banned Scrips API call successful!
2025-07-03 17:28:00,265 - OdinMaster - INFO - Message: Banned scrip(s) fetched successfully
2025-07-03 17:28:00,265 - OdinMaster - INFO - No banned scrips found.
2025-07-03 17:28:00,267 - OdinMaster - INFO - MongoDB write for banned_scrip (NSE_FO): matched=0, modified=0
2025-07-03 17:28:00,338 - OdinMaster - INFO - Holidays for NSE_FO (2025):
2025-07-03 17:28:00,339 - OdinMaster - INFO - Exchange: NSE_FO
2025-07-03 17:28:00,339 - OdinMaster - INFO -  - 2025-01-04
2025-07-03 17:28:00,339 - OdinMaster - INFO -  - 2025-01-05
2025-07-03 17:28:00,339 - OdinMaster - INFO -  - 2025-01-11
2025-07-03 17:28:00,339 - OdinMaster - INFO -  - 2025-01-12
2025-07-03 17:28:00,340 - OdinMaster - INFO -  - 2025-01-18
2025-07-03 17:28:00,340 - OdinMaster - INFO -  - 2025-01-19
2025-07-03 17:28:00,340 - OdinMaster - INFO -  - 2025-01-25
2025-07-03 17:28:00,340 - OdinMaster - INFO -  - 2025-01-26
2025-07-03 17:28:00,340 - OdinMaster - INFO -  - 2025-02-02
2025-07-03 17:28:00,341 - OdinMaster - INFO -  - 2025-02-08
2025-07-03 17:28:00,341 - OdinMaster - INFO -  - 2025-02-09
2025-07-03 17:28:00,341 - OdinMaster - INFO -  - 2025-02-15
2025-07-03 17:28:00,341 - OdinMaster - INFO -  - 2025-02-16
2025-07-03 17:28:00,341 - OdinMaster - INFO -  - 2025-02-22
2025-07-03 17:28:00,341 - OdinMaster - INFO -  - 2025-02-23
2025-07-03 17:28:00,341 - OdinMaster - INFO -  - 2025-02-26
2025-07-03 17:28:00,341 - OdinMaster - INFO -  - 2025-03-01
2025-07-03 17:28:00,343 - OdinMaster - INFO -  - 2025-03-02
2025-07-03 17:28:00,343 - OdinMaster - INFO -  - 2025-03-08
2025-07-03 17:28:00,343 - OdinMaster - INFO -  - 2025-03-09
2025-07-03 17:28:00,343 - OdinMaster - INFO -  - 2025-03-14
2025-07-03 17:28:00,343 - OdinMaster - INFO -  - 2025-03-15
2025-07-03 17:28:00,343 - OdinMaster - INFO -  - 2025-03-16
2025-07-03 17:28:00,343 - OdinMaster - INFO -  - 2025-03-22
2025-07-03 17:28:00,343 - OdinMaster - INFO -  - 2025-03-23
2025-07-03 17:28:00,343 - OdinMaster - INFO -  - 2025-03-29
2025-07-03 17:28:00,343 - OdinMaster - INFO -  - 2025-03-30
2025-07-03 17:28:00,343 - OdinMaster - INFO -  - 2025-03-31
2025-07-03 17:28:00,344 - OdinMaster - INFO -  - 2025-04-05
2025-07-03 17:28:00,344 - OdinMaster - INFO -  - 2025-04-06
2025-07-03 17:28:00,344 - OdinMaster - INFO -  - 2025-04-10
2025-07-03 17:28:00,344 - OdinMaster - INFO -  - 2025-04-12
2025-07-03 17:28:00,344 - OdinMaster - INFO -  - 2025-04-13
2025-07-03 17:28:00,344 - OdinMaster - INFO -  - 2025-04-14
2025-07-03 17:28:00,344 - OdinMaster - INFO -  - 2025-04-18
2025-07-03 17:28:00,344 - OdinMaster - INFO -  - 2025-04-19
2025-07-03 17:28:00,344 - OdinMaster - INFO -  - 2025-04-20
2025-07-03 17:28:00,345 - OdinMaster - INFO -  - 2025-04-26
2025-07-03 17:28:00,345 - OdinMaster - INFO -  - 2025-04-27
2025-07-03 17:28:00,345 - OdinMaster - INFO -  - 2025-05-01
2025-07-03 17:28:00,345 - OdinMaster - INFO -  - 2025-05-03
2025-07-03 17:28:00,345 - OdinMaster - INFO -  - 2025-05-04
2025-07-03 17:28:00,345 - OdinMaster - INFO -  - 2025-05-10
2025-07-03 17:28:00,345 - OdinMaster - INFO -  - 2025-05-11
2025-07-03 17:28:00,345 - OdinMaster - INFO -  - 2025-05-17
2025-07-03 17:28:00,345 - OdinMaster - INFO -  - 2025-05-18
2025-07-03 17:28:00,345 - OdinMaster - INFO -  - 2025-05-24
2025-07-03 17:28:00,345 - OdinMaster - INFO -  - 2025-05-25
2025-07-03 17:28:00,345 - OdinMaster - INFO -  - 2025-05-31
2025-07-03 17:28:00,346 - OdinMaster - INFO -  - 2025-06-01
2025-07-03 17:28:00,346 - OdinMaster - INFO -  - 2025-06-07
2025-07-03 17:28:00,346 - OdinMaster - INFO -  - 2025-06-08
2025-07-03 17:28:00,346 - OdinMaster - INFO -  - 2025-06-14
2025-07-03 17:28:00,346 - OdinMaster - INFO -  - 2025-06-15
2025-07-03 17:28:00,346 - OdinMaster - INFO -  - 2025-06-21
2025-07-03 17:28:00,346 - OdinMaster - INFO -  - 2025-06-22
2025-07-03 17:28:00,346 - OdinMaster - INFO -  - 2025-06-28
2025-07-03 17:28:00,346 - OdinMaster - INFO -  - 2025-06-29
2025-07-03 17:28:00,346 - OdinMaster - INFO -  - 2025-07-05
2025-07-03 17:28:00,347 - OdinMaster - INFO -  - 2025-07-06
2025-07-03 17:28:00,347 - OdinMaster - INFO -  - 2025-07-12
2025-07-03 17:28:00,347 - OdinMaster - INFO -  - 2025-07-13
2025-07-03 17:28:00,347 - OdinMaster - INFO -  - 2025-07-19
2025-07-03 17:28:00,347 - OdinMaster - INFO -  - 2025-07-20
2025-07-03 17:28:00,347 - OdinMaster - INFO -  - 2025-07-26
2025-07-03 17:28:00,347 - OdinMaster - INFO -  - 2025-07-27
2025-07-03 17:28:00,347 - OdinMaster - INFO -  - 2025-08-02
2025-07-03 17:28:00,347 - OdinMaster - INFO -  - 2025-08-03
2025-07-03 17:28:00,347 - OdinMaster - INFO -  - 2025-08-09
2025-07-03 17:28:00,347 - OdinMaster - INFO -  - 2025-08-10
2025-07-03 17:28:00,347 - OdinMaster - INFO -  - 2025-08-15
2025-07-03 17:28:00,347 - OdinMaster - INFO -  - 2025-08-16
2025-07-03 17:28:00,348 - OdinMaster - INFO -  - 2025-08-17
2025-07-03 17:28:00,348 - OdinMaster - INFO -  - 2025-08-23
2025-07-03 17:28:00,348 - OdinMaster - INFO -  - 2025-08-24
2025-07-03 17:28:00,348 - OdinMaster - INFO -  - 2025-08-27
2025-07-03 17:28:00,348 - OdinMaster - INFO -  - 2025-08-30
2025-07-03 17:28:00,348 - OdinMaster - INFO -  - 2025-08-31
2025-07-03 17:28:00,348 - OdinMaster - INFO -  - 2025-09-06
2025-07-03 17:28:00,348 - OdinMaster - INFO -  - 2025-09-07
2025-07-03 17:28:00,348 - OdinMaster - INFO -  - 2025-09-13
2025-07-03 17:28:00,348 - OdinMaster - INFO -  - 2025-09-14
2025-07-03 17:28:00,348 - OdinMaster - INFO -  - 2025-09-20
2025-07-03 17:28:00,348 - OdinMaster - INFO -  - 2025-09-21
2025-07-03 17:28:00,348 - OdinMaster - INFO -  - 2025-09-27
2025-07-03 17:28:00,349 - OdinMaster - INFO -  - 2025-09-28
2025-07-03 17:28:00,349 - OdinMaster - INFO -  - 2025-10-02
2025-07-03 17:28:00,349 - OdinMaster - INFO -  - 2025-10-04
2025-07-03 17:28:00,349 - OdinMaster - INFO -  - 2025-10-05
2025-07-03 17:28:00,349 - OdinMaster - INFO -  - 2025-10-11
2025-07-03 17:28:00,349 - OdinMaster - INFO -  - 2025-10-12
2025-07-03 17:28:00,349 - OdinMaster - INFO -  - 2025-10-18
2025-07-03 17:28:00,349 - OdinMaster - INFO -  - 2025-10-19
2025-07-03 17:28:00,349 - OdinMaster - INFO -  - 2025-10-22
2025-07-03 17:28:00,350 - OdinMaster - INFO -  - 2025-10-25
2025-07-03 17:28:00,350 - OdinMaster - INFO -  - 2025-10-26
2025-07-03 17:28:00,350 - OdinMaster - INFO -  - 2025-11-01
2025-07-03 17:28:00,350 - OdinMaster - INFO -  - 2025-11-02
2025-07-03 17:28:00,350 - OdinMaster - INFO -  - 2025-11-05
2025-07-03 17:28:00,350 - OdinMaster - INFO -  - 2025-11-08
2025-07-03 17:28:00,350 - OdinMaster - INFO -  - 2025-11-09
2025-07-03 17:28:00,350 - OdinMaster - INFO -  - 2025-11-15
2025-07-03 17:28:00,350 - OdinMaster - INFO -  - 2025-11-16
2025-07-03 17:28:00,350 - OdinMaster - INFO -  - 2025-11-22
2025-07-03 17:28:00,350 - OdinMaster - INFO -  - 2025-11-23
2025-07-03 17:28:00,350 - OdinMaster - INFO -  - 2025-11-29
2025-07-03 17:28:00,352 - OdinMaster - INFO -  - 2025-11-30
2025-07-03 17:28:00,352 - OdinMaster - INFO -  - 2025-12-06
2025-07-03 17:28:00,352 - OdinMaster - INFO -  - 2025-12-07
2025-07-03 17:28:00,352 - OdinMaster - INFO -  - 2025-12-13
2025-07-03 17:28:00,352 - OdinMaster - INFO -  - 2025-12-14
2025-07-03 17:28:00,352 - OdinMaster - INFO -  - 2025-12-20
2025-07-03 17:28:00,352 - OdinMaster - INFO -  - 2025-12-21
2025-07-03 17:28:00,352 - OdinMaster - INFO -  - 2025-12-25
2025-07-03 17:28:00,352 - OdinMaster - INFO -  - 2025-12-27
2025-07-03 17:28:00,352 - OdinMaster - INFO -  - 2025-12-28
2025-07-03 17:28:00,354 - OdinMaster - INFO - MongoDB write for holiday (NSE_FO): matched=0, modified=0
2025-07-03 17:28:00,354 - root - INFO - Full execution completed in 4.23 seconds.
2025-07-03 17:45:51,095 - OdinMaster - INFO - Processing all scrip data...
2025-07-03 17:45:54,236 - OdinMaster - INFO - Deleted 0 existing documents from ScripMaster for NSE_EQ
2025-07-03 17:45:54,318 - OdinMaster - INFO - Inserted 8254 new documents into ScripMaster for NSE_EQ
2025-07-03 17:45:54,342 - OdinMaster - INFO - Data successfully saved to MongoDB collection: ScripMaster for NSE_EQ
2025-07-03 17:45:54,348 - OdinMaster - INFO - Deleted 0 existing documents from ScripMaster for NSE_FO
2025-07-03 17:45:54,873 - OdinMaster - INFO - Inserted 75262 new documents into ScripMaster for NSE_FO
2025-07-03 17:45:54,874 - OdinMaster - INFO - Data successfully saved to MongoDB collection: ScripMaster for NSE_FO
2025-07-03 17:45:54,875 - OdinMaster - INFO - Processing all banned scrips...
2025-07-03 17:45:55,040 - OdinMaster - ERROR - Request error for banned scrips NSE_EQ: 404 Client Error: Not Found for url: https://jri4df7kaa.execute-api.ap-south-1.amazonaws.com/prod/interactive/nontransactional/385/v1/BannedScrips?exchange=NSE_EQ
2025-07-03 17:45:55,240 - OdinMaster - ERROR - Request error for banned scrips NSE_FO: 404 Client Error: Not Found for url: https://jri4df7kaa.execute-api.ap-south-1.amazonaws.com/prod/interactive/nontransactional/385/v1/BannedScrips?exchange=NSE_FO
2025-07-03 17:54:42,976 - OdinMaster - INFO - Processing all scrip data...
2025-07-03 17:54:45,977 - OdinMaster - INFO - Data for NSE_EQ already updated today.
2025-07-03 17:54:45,978 - OdinMaster - INFO - Data for NSE_FO already updated today.
2025-07-03 17:54:45,978 - OdinMaster - INFO - Processing all banned scrips...
2025-07-03 17:54:46,201 - OdinMaster - INFO - Banned Scrips API call successful for NSE_EQ!
2025-07-03 17:54:46,203 - OdinMaster - INFO - Message: Banned scrip(s) fetched successfully
2025-07-03 17:54:46,203 - OdinMaster - INFO - No banned scrips found for NSE_EQ.
2025-07-03 17:54:46,424 - OdinMaster - INFO - Banned Scrips API call successful for NSE_FO!
2025-07-03 17:54:46,425 - OdinMaster - INFO - Message: Banned scrip(s) fetched successfully
2025-07-03 17:54:46,425 - OdinMaster - INFO - 
Banned Scrips for NSE_FO:
2025-07-03 17:54:46,425 - OdinMaster - INFO - Exchange: NSE_FO, Token: 18391, Symbol: RBLBANK
2025-07-03 17:54:46,443 - OdinMaster - INFO - MongoDB write for banned_scrip (NSE_EQ): matched=0, modified=0
2025-07-03 17:54:46,444 - OdinMaster - INFO - MongoDB write for banned_scrip (NSE_FO): matched=0, modified=0
2025-07-03 17:54:46,444 - OdinMaster - INFO - Processing all holiday data...
2025-07-03 17:54:46,611 - OdinMaster - INFO - Holidays for NSE_EQ (2025):
2025-07-03 17:54:46,612 - OdinMaster - INFO - Exchange: NSE_EQ
2025-07-03 17:54:46,612 - OdinMaster - INFO -  - 2025-01-04
2025-07-03 17:54:46,612 - OdinMaster - INFO -  - 2025-01-05
2025-07-03 17:54:46,612 - OdinMaster - INFO -  - 2025-01-11
2025-07-03 17:54:46,612 - OdinMaster - INFO -  - 2025-01-12
2025-07-03 17:54:46,613 - OdinMaster - INFO -  - 2025-01-18
2025-07-03 17:54:46,613 - OdinMaster - INFO -  - 2025-01-19
2025-07-03 17:54:46,613 - OdinMaster - INFO -  - 2025-01-25
2025-07-03 17:54:46,613 - OdinMaster - INFO -  - 2025-01-26
2025-07-03 17:54:46,614 - OdinMaster - INFO -  - 2025-02-02
2025-07-03 17:54:46,614 - OdinMaster - INFO -  - 2025-02-08
2025-07-03 17:54:46,614 - OdinMaster - INFO -  - 2025-02-09
2025-07-03 17:54:46,614 - OdinMaster - INFO -  - 2025-02-15
2025-07-03 17:54:46,615 - OdinMaster - INFO -  - 2025-02-16
2025-07-03 17:54:46,615 - OdinMaster - INFO -  - 2025-02-22
2025-07-03 17:54:46,615 - OdinMaster - INFO -  - 2025-02-23
2025-07-03 17:54:46,615 - OdinMaster - INFO -  - 2025-02-26
2025-07-03 17:54:46,615 - OdinMaster - INFO -  - 2025-03-01
2025-07-03 17:54:46,615 - OdinMaster - INFO -  - 2025-03-02
2025-07-03 17:54:46,615 - OdinMaster - INFO -  - 2025-03-08
2025-07-03 17:54:46,615 - OdinMaster - INFO -  - 2025-03-09
2025-07-03 17:54:46,615 - OdinMaster - INFO -  - 2025-03-14
2025-07-03 17:54:46,615 - OdinMaster - INFO -  - 2025-03-15
2025-07-03 17:54:46,615 - OdinMaster - INFO -  - 2025-03-16
2025-07-03 17:54:46,616 - OdinMaster - INFO -  - 2025-03-22
2025-07-03 17:54:46,616 - OdinMaster - INFO -  - 2025-03-23
2025-07-03 17:54:46,616 - OdinMaster - INFO -  - 2025-03-29
2025-07-03 17:54:46,616 - OdinMaster - INFO -  - 2025-03-30
2025-07-03 17:54:46,616 - OdinMaster - INFO -  - 2025-03-31
2025-07-03 17:54:46,616 - OdinMaster - INFO -  - 2025-04-05
2025-07-03 17:54:46,616 - OdinMaster - INFO -  - 2025-04-06
2025-07-03 17:54:46,618 - OdinMaster - INFO -  - 2025-04-10
2025-07-03 17:54:46,618 - OdinMaster - INFO -  - 2025-04-12
2025-07-03 17:54:46,618 - OdinMaster - INFO -  - 2025-04-13
2025-07-03 17:54:46,618 - OdinMaster - INFO -  - 2025-04-14
2025-07-03 17:54:46,618 - OdinMaster - INFO -  - 2025-04-18
2025-07-03 17:54:46,618 - OdinMaster - INFO -  - 2025-04-19
2025-07-03 17:54:46,618 - OdinMaster - INFO -  - 2025-04-20
2025-07-03 17:54:46,618 - OdinMaster - INFO -  - 2025-04-26
2025-07-03 17:54:46,618 - OdinMaster - INFO -  - 2025-04-27
2025-07-03 17:54:46,618 - OdinMaster - INFO -  - 2025-05-01
2025-07-03 17:54:46,619 - OdinMaster - INFO -  - 2025-05-03
2025-07-03 17:54:46,619 - OdinMaster - INFO -  - 2025-05-04
2025-07-03 17:54:46,619 - OdinMaster - INFO -  - 2025-05-10
2025-07-03 17:54:46,619 - OdinMaster - INFO -  - 2025-05-11
2025-07-03 17:54:46,619 - OdinMaster - INFO -  - 2025-05-17
2025-07-03 17:54:46,619 - OdinMaster - INFO -  - 2025-05-18
2025-07-03 17:54:46,619 - OdinMaster - INFO -  - 2025-05-24
2025-07-03 17:54:46,619 - OdinMaster - INFO -  - 2025-05-25
2025-07-03 17:54:46,619 - OdinMaster - INFO -  - 2025-05-31
2025-07-03 17:54:46,619 - OdinMaster - INFO -  - 2025-06-01
2025-07-03 17:54:46,619 - OdinMaster - INFO -  - 2025-06-07
2025-07-03 17:54:46,619 - OdinMaster - INFO -  - 2025-06-08
2025-07-03 17:54:46,620 - OdinMaster - INFO -  - 2025-06-14
2025-07-03 17:54:46,620 - OdinMaster - INFO -  - 2025-06-15
2025-07-03 17:54:46,620 - OdinMaster - INFO -  - 2025-06-21
2025-07-03 17:54:46,620 - OdinMaster - INFO -  - 2025-06-22
2025-07-03 17:54:46,620 - OdinMaster - INFO -  - 2025-06-28
2025-07-03 17:54:46,620 - OdinMaster - INFO -  - 2025-06-29
2025-07-03 17:54:46,620 - OdinMaster - INFO -  - 2025-07-05
2025-07-03 17:54:46,620 - OdinMaster - INFO -  - 2025-07-06
2025-07-03 17:54:46,620 - OdinMaster - INFO -  - 2025-07-12
2025-07-03 17:54:46,620 - OdinMaster - INFO -  - 2025-07-13
2025-07-03 17:54:46,620 - OdinMaster - INFO -  - 2025-07-19
2025-07-03 17:54:46,620 - OdinMaster - INFO -  - 2025-07-20
2025-07-03 17:54:46,620 - OdinMaster - INFO -  - 2025-07-26
2025-07-03 17:54:46,621 - OdinMaster - INFO -  - 2025-07-27
2025-07-03 17:54:46,621 - OdinMaster - INFO -  - 2025-08-02
2025-07-03 17:54:46,621 - OdinMaster - INFO -  - 2025-08-03
2025-07-03 17:54:46,621 - OdinMaster - INFO -  - 2025-08-09
2025-07-03 17:54:46,621 - OdinMaster - INFO -  - 2025-08-10
2025-07-03 17:54:46,621 - OdinMaster - INFO -  - 2025-08-15
2025-07-03 17:54:46,621 - OdinMaster - INFO -  - 2025-08-16
2025-07-03 17:54:46,621 - OdinMaster - INFO -  - 2025-08-17
2025-07-03 17:54:46,621 - OdinMaster - INFO -  - 2025-08-23
2025-07-03 17:54:46,621 - OdinMaster - INFO -  - 2025-08-24
2025-07-03 17:54:46,621 - OdinMaster - INFO -  - 2025-08-27
2025-07-03 17:54:46,621 - OdinMaster - INFO -  - 2025-08-30
2025-07-03 17:54:46,622 - OdinMaster - INFO -  - 2025-08-31
2025-07-03 17:54:46,622 - OdinMaster - INFO -  - 2025-09-06
2025-07-03 17:54:46,622 - OdinMaster - INFO -  - 2025-09-07
2025-07-03 17:54:46,622 - OdinMaster - INFO -  - 2025-09-13
2025-07-03 17:54:46,622 - OdinMaster - INFO -  - 2025-09-14
2025-07-03 17:54:46,622 - OdinMaster - INFO -  - 2025-09-20
2025-07-03 17:54:46,622 - OdinMaster - INFO -  - 2025-09-21
2025-07-03 17:54:46,622 - OdinMaster - INFO -  - 2025-09-27
2025-07-03 17:54:46,622 - OdinMaster - INFO -  - 2025-09-28
2025-07-03 17:54:46,622 - OdinMaster - INFO -  - 2025-10-02
2025-07-03 17:54:46,623 - OdinMaster - INFO -  - 2025-10-04
2025-07-03 17:54:46,623 - OdinMaster - INFO -  - 2025-10-05
2025-07-03 17:54:46,623 - OdinMaster - INFO -  - 2025-10-11
2025-07-03 17:54:46,623 - OdinMaster - INFO -  - 2025-10-12
2025-07-03 17:54:46,623 - OdinMaster - INFO -  - 2025-10-18
2025-07-03 17:54:46,623 - OdinMaster - INFO -  - 2025-10-19
2025-07-03 17:54:46,623 - OdinMaster - INFO -  - 2025-10-22
2025-07-03 17:54:46,623 - OdinMaster - INFO -  - 2025-10-25
2025-07-03 17:54:46,623 - OdinMaster - INFO -  - 2025-10-26
2025-07-03 17:54:46,623 - OdinMaster - INFO -  - 2025-11-01
2025-07-03 17:54:46,623 - OdinMaster - INFO -  - 2025-11-02
2025-07-03 17:54:46,624 - OdinMaster - INFO -  - 2025-11-05
2025-07-03 17:54:46,624 - OdinMaster - INFO -  - 2025-11-08
2025-07-03 17:54:46,624 - OdinMaster - INFO -  - 2025-11-09
2025-07-03 17:54:46,624 - OdinMaster - INFO -  - 2025-11-15
2025-07-03 17:54:46,624 - OdinMaster - INFO -  - 2025-11-16
2025-07-03 17:54:46,624 - OdinMaster - INFO -  - 2025-11-22
2025-07-03 17:54:46,624 - OdinMaster - INFO -  - 2025-11-23
2025-07-03 17:54:46,624 - OdinMaster - INFO -  - 2025-11-29
2025-07-03 17:54:46,624 - OdinMaster - INFO -  - 2025-11-30
2025-07-03 17:54:46,624 - OdinMaster - INFO -  - 2025-12-06
2025-07-03 17:54:46,624 - OdinMaster - INFO -  - 2025-12-07
2025-07-03 17:54:46,624 - OdinMaster - INFO -  - 2025-12-13
2025-07-03 17:54:46,624 - OdinMaster - INFO -  - 2025-12-14
2025-07-03 17:54:46,625 - OdinMaster - INFO -  - 2025-12-20
2025-07-03 17:54:46,625 - OdinMaster - INFO -  - 2025-12-21
2025-07-03 17:54:46,625 - OdinMaster - INFO -  - 2025-12-25
2025-07-03 17:54:46,625 - OdinMaster - INFO -  - 2025-12-27
2025-07-03 17:54:46,625 - OdinMaster - INFO -  - 2025-12-28
2025-07-03 17:54:46,779 - OdinMaster - INFO - Holidays for NSE_FO (2025):
2025-07-03 17:54:46,780 - OdinMaster - INFO - Exchange: NSE_FO
2025-07-03 17:54:46,780 - OdinMaster - INFO -  - 2025-01-04
2025-07-03 17:54:46,780 - OdinMaster - INFO -  - 2025-01-05
2025-07-03 17:54:46,780 - OdinMaster - INFO -  - 2025-01-11
2025-07-03 17:54:46,780 - OdinMaster - INFO -  - 2025-01-12
2025-07-03 17:54:46,781 - OdinMaster - INFO -  - 2025-01-18
2025-07-03 17:54:46,781 - OdinMaster - INFO -  - 2025-01-19
2025-07-03 17:54:46,781 - OdinMaster - INFO -  - 2025-01-25
2025-07-03 17:54:46,782 - OdinMaster - INFO -  - 2025-01-26
2025-07-03 17:54:46,782 - OdinMaster - INFO -  - 2025-02-02
2025-07-03 17:54:46,782 - OdinMaster - INFO -  - 2025-02-08
2025-07-03 17:54:46,782 - OdinMaster - INFO -  - 2025-02-09
2025-07-03 17:54:46,782 - OdinMaster - INFO -  - 2025-02-15
2025-07-03 17:54:46,783 - OdinMaster - INFO -  - 2025-02-16
2025-07-03 17:54:46,783 - OdinMaster - INFO -  - 2025-02-22
2025-07-03 17:54:46,783 - OdinMaster - INFO -  - 2025-02-23
2025-07-03 17:54:46,783 - OdinMaster - INFO -  - 2025-02-26
2025-07-03 17:54:46,784 - OdinMaster - INFO -  - 2025-03-01
2025-07-03 17:54:46,784 - OdinMaster - INFO -  - 2025-03-02
2025-07-03 17:54:46,784 - OdinMaster - INFO -  - 2025-03-08
2025-07-03 17:54:46,784 - OdinMaster - INFO -  - 2025-03-09
2025-07-03 17:54:46,785 - OdinMaster - INFO -  - 2025-03-14
2025-07-03 17:54:46,785 - OdinMaster - INFO -  - 2025-03-15
2025-07-03 17:54:46,785 - OdinMaster - INFO -  - 2025-03-16
2025-07-03 17:54:46,785 - OdinMaster - INFO -  - 2025-03-22
2025-07-03 17:54:46,785 - OdinMaster - INFO -  - 2025-03-23
2025-07-03 17:54:46,785 - OdinMaster - INFO -  - 2025-03-29
2025-07-03 17:54:46,785 - OdinMaster - INFO -  - 2025-03-30
2025-07-03 17:54:46,785 - OdinMaster - INFO -  - 2025-03-31
2025-07-03 17:54:46,785 - OdinMaster - INFO -  - 2025-04-05
2025-07-03 17:54:46,785 - OdinMaster - INFO -  - 2025-04-06
2025-07-03 17:54:46,786 - OdinMaster - INFO -  - 2025-04-10
2025-07-03 17:54:46,786 - OdinMaster - INFO -  - 2025-04-12
2025-07-03 17:54:46,786 - OdinMaster - INFO -  - 2025-04-13
2025-07-03 17:54:46,786 - OdinMaster - INFO -  - 2025-04-14
2025-07-03 17:54:46,786 - OdinMaster - INFO -  - 2025-04-18
2025-07-03 17:54:46,786 - OdinMaster - INFO -  - 2025-04-19
2025-07-03 17:54:46,786 - OdinMaster - INFO -  - 2025-04-20
2025-07-03 17:54:46,786 - OdinMaster - INFO -  - 2025-04-26
2025-07-03 17:54:46,786 - OdinMaster - INFO -  - 2025-04-27
2025-07-03 17:54:46,786 - OdinMaster - INFO -  - 2025-05-01
2025-07-03 17:54:46,787 - OdinMaster - INFO -  - 2025-05-03
2025-07-03 17:54:46,787 - OdinMaster - INFO -  - 2025-05-04
2025-07-03 17:54:46,787 - OdinMaster - INFO -  - 2025-05-10
2025-07-03 17:54:46,787 - OdinMaster - INFO -  - 2025-05-11
2025-07-03 17:54:46,787 - OdinMaster - INFO -  - 2025-05-17
2025-07-03 17:54:46,787 - OdinMaster - INFO -  - 2025-05-18
2025-07-03 17:54:46,787 - OdinMaster - INFO -  - 2025-05-24
2025-07-03 17:54:46,787 - OdinMaster - INFO -  - 2025-05-25
2025-07-03 17:54:46,788 - OdinMaster - INFO -  - 2025-05-31
2025-07-03 17:54:46,788 - OdinMaster - INFO -  - 2025-06-01
2025-07-03 17:54:46,788 - OdinMaster - INFO -  - 2025-06-07
2025-07-03 17:54:46,788 - OdinMaster - INFO -  - 2025-06-08
2025-07-03 17:54:46,788 - OdinMaster - INFO -  - 2025-06-14
2025-07-03 17:54:46,788 - OdinMaster - INFO -  - 2025-06-15
2025-07-03 17:54:46,788 - OdinMaster - INFO -  - 2025-06-21
2025-07-03 17:54:46,788 - OdinMaster - INFO -  - 2025-06-22
2025-07-03 17:54:46,788 - OdinMaster - INFO -  - 2025-06-28
2025-07-03 17:54:46,788 - OdinMaster - INFO -  - 2025-06-29
2025-07-03 17:54:46,788 - OdinMaster - INFO -  - 2025-07-05
2025-07-03 17:54:46,790 - OdinMaster - INFO -  - 2025-07-06
2025-07-03 17:54:46,790 - OdinMaster - INFO -  - 2025-07-12
2025-07-03 17:54:46,790 - OdinMaster - INFO -  - 2025-07-13
2025-07-03 17:54:46,790 - OdinMaster - INFO -  - 2025-07-19
2025-07-03 17:54:46,790 - OdinMaster - INFO -  - 2025-07-20
2025-07-03 17:54:46,790 - OdinMaster - INFO -  - 2025-07-26
2025-07-03 17:54:46,790 - OdinMaster - INFO -  - 2025-07-27
2025-07-03 17:54:46,790 - OdinMaster - INFO -  - 2025-08-02
2025-07-03 17:54:46,790 - OdinMaster - INFO -  - 2025-08-03
2025-07-03 17:54:46,791 - OdinMaster - INFO -  - 2025-08-09
2025-07-03 17:54:46,791 - OdinMaster - INFO -  - 2025-08-10
2025-07-03 17:54:46,791 - OdinMaster - INFO -  - 2025-08-15
2025-07-03 17:54:46,791 - OdinMaster - INFO -  - 2025-08-16
2025-07-03 17:54:46,791 - OdinMaster - INFO -  - 2025-08-17
2025-07-03 17:54:46,791 - OdinMaster - INFO -  - 2025-08-23
2025-07-03 17:54:46,791 - OdinMaster - INFO -  - 2025-08-24
2025-07-03 17:54:46,791 - OdinMaster - INFO -  - 2025-08-27
2025-07-03 17:54:46,791 - OdinMaster - INFO -  - 2025-08-30
2025-07-03 17:54:46,791 - OdinMaster - INFO -  - 2025-08-31
2025-07-03 17:54:46,792 - OdinMaster - INFO -  - 2025-09-06
2025-07-03 17:54:46,792 - OdinMaster - INFO -  - 2025-09-07
2025-07-03 17:54:46,792 - OdinMaster - INFO -  - 2025-09-13
2025-07-03 17:54:46,792 - OdinMaster - INFO -  - 2025-09-14
2025-07-03 17:54:46,792 - OdinMaster - INFO -  - 2025-09-20
2025-07-03 17:54:46,792 - OdinMaster - INFO -  - 2025-09-21
2025-07-03 17:54:46,792 - OdinMaster - INFO -  - 2025-09-27
2025-07-03 17:54:46,792 - OdinMaster - INFO -  - 2025-09-28
2025-07-03 17:54:46,792 - OdinMaster - INFO -  - 2025-10-02
2025-07-03 17:54:46,792 - OdinMaster - INFO -  - 2025-10-04
2025-07-03 17:54:46,792 - OdinMaster - INFO -  - 2025-10-05
2025-07-03 17:54:46,792 - OdinMaster - INFO -  - 2025-10-11
2025-07-03 17:54:46,793 - OdinMaster - INFO -  - 2025-10-12
2025-07-03 17:54:46,793 - OdinMaster - INFO -  - 2025-10-18
2025-07-03 17:54:46,793 - OdinMaster - INFO -  - 2025-10-19
2025-07-03 17:54:46,793 - OdinMaster - INFO -  - 2025-10-22
2025-07-03 17:54:46,793 - OdinMaster - INFO -  - 2025-10-25
2025-07-03 17:54:46,793 - OdinMaster - INFO -  - 2025-10-26
2025-07-03 17:54:46,793 - OdinMaster - INFO -  - 2025-11-01
2025-07-03 17:54:46,793 - OdinMaster - INFO -  - 2025-11-02
2025-07-03 17:54:46,793 - OdinMaster - INFO -  - 2025-11-05
2025-07-03 17:54:46,793 - OdinMaster - INFO -  - 2025-11-08
2025-07-03 17:54:46,793 - OdinMaster - INFO -  - 2025-11-09
2025-07-03 17:54:46,794 - OdinMaster - INFO -  - 2025-11-15
2025-07-03 17:54:46,794 - OdinMaster - INFO -  - 2025-11-16
2025-07-03 17:54:46,794 - OdinMaster - INFO -  - 2025-11-22
2025-07-03 17:54:46,794 - OdinMaster - INFO -  - 2025-11-23
2025-07-03 17:54:46,794 - OdinMaster - INFO -  - 2025-11-29
2025-07-03 17:54:46,794 - OdinMaster - INFO -  - 2025-11-30
2025-07-03 17:54:46,794 - OdinMaster - INFO -  - 2025-12-06
2025-07-03 17:54:46,794 - OdinMaster - INFO -  - 2025-12-07
2025-07-03 17:54:46,794 - OdinMaster - INFO -  - 2025-12-13
2025-07-03 17:54:46,794 - OdinMaster - INFO -  - 2025-12-14
2025-07-03 17:54:46,794 - OdinMaster - INFO -  - 2025-12-20
2025-07-03 17:54:46,794 - OdinMaster - INFO -  - 2025-12-21
2025-07-03 17:54:46,795 - OdinMaster - INFO -  - 2025-12-25
2025-07-03 17:54:46,795 - OdinMaster - INFO -  - 2025-12-27
2025-07-03 17:54:46,795 - OdinMaster - INFO -  - 2025-12-28
2025-07-03 17:54:46,810 - OdinMaster - INFO - MongoDB write for holiday (NSE_EQ): matched=0, modified=0
2025-07-03 17:54:46,811 - OdinMaster - INFO - MongoDB write for holiday (NSE_FO): matched=0, modified=0
2025-07-03 17:54:46,811 - OdinMaster - INFO - Full execution completed in 3.84 seconds.
2025-07-03 18:19:08,818 - OdinMaster - INFO - Processing all scrip data...
2025-07-03 18:19:11,922 - OdinMaster - INFO - Data for NSE_EQ already updated today.
2025-07-03 18:19:11,923 - OdinMaster - INFO - Data for NSE_FO already updated today.
2025-07-03 18:19:11,923 - OdinMaster - INFO - Processing all banned scrips...
2025-07-03 18:19:12,079 - OdinMaster - INFO - Banned Scrips API call successful for NSE_EQ!
2025-07-03 18:19:12,079 - OdinMaster - INFO - Message: Banned scrip(s) fetched successfully
2025-07-03 18:19:12,079 - OdinMaster - INFO - No banned scrips found for NSE_EQ.
2025-07-03 18:19:12,219 - OdinMaster - INFO - Banned Scrips API call successful for NSE_FO!
2025-07-03 18:19:12,219 - OdinMaster - INFO - Message: Banned scrip(s) fetched successfully
2025-07-03 18:19:12,219 - OdinMaster - INFO - 
Banned Scrips for NSE_FO:
2025-07-03 18:19:12,219 - OdinMaster - INFO - Exchange: NSE_FO, Token: 18391, Symbol: RBLBANK
2025-07-03 18:19:12,220 - OdinMaster - INFO - No banned scrip data to save for NSE_EQ.
2025-07-03 18:19:12,220 - OdinMaster - ERROR - Error saving banned_scrip data for NSE_FO: 'sub_key'
2025-07-03 18:19:12,220 - OdinMaster - INFO - Processing all holiday data...
2025-07-03 18:19:12,363 - OdinMaster - INFO - Holidays for NSE_EQ (2025):
2025-07-03 18:19:12,363 - OdinMaster - INFO - Exchange: NSE_EQ
2025-07-03 18:19:12,364 - OdinMaster - INFO -  - 2025-01-04
2025-07-03 18:19:12,364 - OdinMaster - INFO -  - 2025-01-05
2025-07-03 18:19:12,364 - OdinMaster - INFO -  - 2025-01-11
2025-07-03 18:19:12,364 - OdinMaster - INFO -  - 2025-01-12
2025-07-03 18:19:12,364 - OdinMaster - INFO -  - 2025-01-18
2025-07-03 18:19:12,365 - OdinMaster - INFO -  - 2025-01-19
2025-07-03 18:19:12,365 - OdinMaster - INFO -  - 2025-01-25
2025-07-03 18:19:12,365 - OdinMaster - INFO -  - 2025-01-26
2025-07-03 18:19:12,365 - OdinMaster - INFO -  - 2025-02-02
2025-07-03 18:19:12,365 - OdinMaster - INFO -  - 2025-02-08
2025-07-03 18:19:12,366 - OdinMaster - INFO -  - 2025-02-09
2025-07-03 18:19:12,366 - OdinMaster - INFO -  - 2025-02-15
2025-07-03 18:19:12,366 - OdinMaster - INFO -  - 2025-02-16
2025-07-03 18:19:12,366 - OdinMaster - INFO -  - 2025-02-22
2025-07-03 18:19:12,366 - OdinMaster - INFO -  - 2025-02-23
2025-07-03 18:19:12,366 - OdinMaster - INFO -  - 2025-02-26
2025-07-03 18:19:12,367 - OdinMaster - INFO -  - 2025-03-01
2025-07-03 18:19:12,367 - OdinMaster - INFO -  - 2025-03-02
2025-07-03 18:19:12,367 - OdinMaster - INFO -  - 2025-03-08
2025-07-03 18:19:12,367 - OdinMaster - INFO -  - 2025-03-09
2025-07-03 18:19:12,367 - OdinMaster - INFO -  - 2025-03-14
2025-07-03 18:19:12,367 - OdinMaster - INFO -  - 2025-03-15
2025-07-03 18:19:12,367 - OdinMaster - INFO -  - 2025-03-16
2025-07-03 18:19:12,367 - OdinMaster - INFO -  - 2025-03-22
2025-07-03 18:19:12,369 - OdinMaster - INFO -  - 2025-03-23
2025-07-03 18:19:12,369 - OdinMaster - INFO -  - 2025-03-29
2025-07-03 18:19:12,369 - OdinMaster - INFO -  - 2025-03-30
2025-07-03 18:19:12,369 - OdinMaster - INFO -  - 2025-03-31
2025-07-03 18:19:12,369 - OdinMaster - INFO -  - 2025-04-05
2025-07-03 18:19:12,369 - OdinMaster - INFO -  - 2025-04-06
2025-07-03 18:19:12,369 - OdinMaster - INFO -  - 2025-04-10
2025-07-03 18:19:12,369 - OdinMaster - INFO -  - 2025-04-12
2025-07-03 18:19:12,369 - OdinMaster - INFO -  - 2025-04-13
2025-07-03 18:19:12,370 - OdinMaster - INFO -  - 2025-04-14
2025-07-03 18:19:12,370 - OdinMaster - INFO -  - 2025-04-18
2025-07-03 18:19:12,370 - OdinMaster - INFO -  - 2025-04-19
2025-07-03 18:19:12,370 - OdinMaster - INFO -  - 2025-04-20
2025-07-03 18:19:12,370 - OdinMaster - INFO -  - 2025-04-26
2025-07-03 18:19:12,370 - OdinMaster - INFO -  - 2025-04-27
2025-07-03 18:19:12,370 - OdinMaster - INFO -  - 2025-05-01
2025-07-03 18:19:12,370 - OdinMaster - INFO -  - 2025-05-03
2025-07-03 18:19:12,370 - OdinMaster - INFO -  - 2025-05-04
2025-07-03 18:19:12,371 - OdinMaster - INFO -  - 2025-05-10
2025-07-03 18:19:12,371 - OdinMaster - INFO -  - 2025-05-11
2025-07-03 18:19:12,371 - OdinMaster - INFO -  - 2025-05-17
2025-07-03 18:19:12,371 - OdinMaster - INFO -  - 2025-05-18
2025-07-03 18:19:12,371 - OdinMaster - INFO -  - 2025-05-24
2025-07-03 18:19:12,371 - OdinMaster - INFO -  - 2025-05-25
2025-07-03 18:19:12,371 - OdinMaster - INFO -  - 2025-05-31
2025-07-03 18:19:12,371 - OdinMaster - INFO -  - 2025-06-01
2025-07-03 18:19:12,371 - OdinMaster - INFO -  - 2025-06-07
2025-07-03 18:19:12,372 - OdinMaster - INFO -  - 2025-06-08
2025-07-03 18:19:12,372 - OdinMaster - INFO -  - 2025-06-14
2025-07-03 18:19:12,372 - OdinMaster - INFO -  - 2025-06-15
2025-07-03 18:19:12,372 - OdinMaster - INFO -  - 2025-06-21
2025-07-03 18:19:12,372 - OdinMaster - INFO -  - 2025-06-22
2025-07-03 18:19:12,372 - OdinMaster - INFO -  - 2025-06-28
2025-07-03 18:19:12,372 - OdinMaster - INFO -  - 2025-06-29
2025-07-03 18:19:12,372 - OdinMaster - INFO -  - 2025-07-05
2025-07-03 18:19:12,372 - OdinMaster - INFO -  - 2025-07-06
2025-07-03 18:19:12,372 - OdinMaster - INFO -  - 2025-07-12
2025-07-03 18:19:12,373 - OdinMaster - INFO -  - 2025-07-13
2025-07-03 18:19:12,373 - OdinMaster - INFO -  - 2025-07-19
2025-07-03 18:19:12,373 - OdinMaster - INFO -  - 2025-07-20
2025-07-03 18:19:12,373 - OdinMaster - INFO -  - 2025-07-26
2025-07-03 18:19:12,373 - OdinMaster - INFO -  - 2025-07-27
2025-07-03 18:19:12,373 - OdinMaster - INFO -  - 2025-08-02
2025-07-03 18:19:12,373 - OdinMaster - INFO -  - 2025-08-03
2025-07-03 18:19:12,373 - OdinMaster - INFO -  - 2025-08-09
2025-07-03 18:19:12,373 - OdinMaster - INFO -  - 2025-08-10
2025-07-03 18:19:12,373 - OdinMaster - INFO -  - 2025-08-15
2025-07-03 18:19:12,373 - OdinMaster - INFO -  - 2025-08-16
2025-07-03 18:19:12,373 - OdinMaster - INFO -  - 2025-08-17
2025-07-03 18:19:12,374 - OdinMaster - INFO -  - 2025-08-23
2025-07-03 18:19:12,374 - OdinMaster - INFO -  - 2025-08-24
2025-07-03 18:19:12,374 - OdinMaster - INFO -  - 2025-08-27
2025-07-03 18:19:12,374 - OdinMaster - INFO -  - 2025-08-30
2025-07-03 18:19:12,374 - OdinMaster - INFO -  - 2025-08-31
2025-07-03 18:19:12,374 - OdinMaster - INFO -  - 2025-09-06
2025-07-03 18:19:12,374 - OdinMaster - INFO -  - 2025-09-07
2025-07-03 18:19:12,374 - OdinMaster - INFO -  - 2025-09-13
2025-07-03 18:19:12,374 - OdinMaster - INFO -  - 2025-09-14
2025-07-03 18:19:12,374 - OdinMaster - INFO -  - 2025-09-20
2025-07-03 18:19:12,375 - OdinMaster - INFO -  - 2025-09-21
2025-07-03 18:19:12,375 - OdinMaster - INFO -  - 2025-09-27
2025-07-03 18:19:12,375 - OdinMaster - INFO -  - 2025-09-28
2025-07-03 18:19:12,375 - OdinMaster - INFO -  - 2025-10-02
2025-07-03 18:19:12,375 - OdinMaster - INFO -  - 2025-10-04
2025-07-03 18:19:12,375 - OdinMaster - INFO -  - 2025-10-05
2025-07-03 18:19:12,375 - OdinMaster - INFO -  - 2025-10-11
2025-07-03 18:19:12,375 - OdinMaster - INFO -  - 2025-10-12
2025-07-03 18:19:12,375 - OdinMaster - INFO -  - 2025-10-18
2025-07-03 18:19:12,375 - OdinMaster - INFO -  - 2025-10-19
2025-07-03 18:19:12,375 - OdinMaster - INFO -  - 2025-10-22
2025-07-03 18:19:12,375 - OdinMaster - INFO -  - 2025-10-25
2025-07-03 18:19:12,376 - OdinMaster - INFO -  - 2025-10-26
2025-07-03 18:19:12,376 - OdinMaster - INFO -  - 2025-11-01
2025-07-03 18:19:12,376 - OdinMaster - INFO -  - 2025-11-02
2025-07-03 18:19:12,376 - OdinMaster - INFO -  - 2025-11-05
2025-07-03 18:19:12,376 - OdinMaster - INFO -  - 2025-11-08
2025-07-03 18:19:12,376 - OdinMaster - INFO -  - 2025-11-09
2025-07-03 18:19:12,376 - OdinMaster - INFO -  - 2025-11-15
2025-07-03 18:19:12,376 - OdinMaster - INFO -  - 2025-11-16
2025-07-03 18:19:12,376 - OdinMaster - INFO -  - 2025-11-22
2025-07-03 18:19:12,376 - OdinMaster - INFO -  - 2025-11-23
2025-07-03 18:19:12,377 - OdinMaster - INFO -  - 2025-11-29
2025-07-03 18:19:12,377 - OdinMaster - INFO -  - 2025-11-30
2025-07-03 18:19:12,377 - OdinMaster - INFO -  - 2025-12-06
2025-07-03 18:19:12,377 - OdinMaster - INFO -  - 2025-12-07
2025-07-03 18:19:12,377 - OdinMaster - INFO -  - 2025-12-13
2025-07-03 18:19:12,377 - OdinMaster - INFO -  - 2025-12-14
2025-07-03 18:19:12,377 - OdinMaster - INFO -  - 2025-12-20
2025-07-03 18:19:12,377 - OdinMaster - INFO -  - 2025-12-21
2025-07-03 18:19:12,377 - OdinMaster - INFO -  - 2025-12-25
2025-07-03 18:19:12,377 - OdinMaster - INFO -  - 2025-12-27
2025-07-03 18:19:12,377 - OdinMaster - INFO -  - 2025-12-28
2025-07-03 18:19:12,512 - OdinMaster - INFO - Holidays for NSE_FO (2025):
2025-07-03 18:19:12,512 - OdinMaster - INFO - Exchange: NSE_FO
2025-07-03 18:19:12,512 - OdinMaster - INFO -  - 2025-01-04
2025-07-03 18:19:12,512 - OdinMaster - INFO -  - 2025-01-05
2025-07-03 18:19:12,512 - OdinMaster - INFO -  - 2025-01-11
2025-07-03 18:19:12,513 - OdinMaster - INFO -  - 2025-01-12
2025-07-03 18:19:12,513 - OdinMaster - INFO -  - 2025-01-18
2025-07-03 18:19:12,513 - OdinMaster - INFO -  - 2025-01-19
2025-07-03 18:19:12,513 - OdinMaster - INFO -  - 2025-01-25
2025-07-03 18:19:12,515 - OdinMaster - INFO -  - 2025-01-26
2025-07-03 18:19:12,515 - OdinMaster - INFO -  - 2025-02-02
2025-07-03 18:19:12,515 - OdinMaster - INFO -  - 2025-02-08
2025-07-03 18:19:12,515 - OdinMaster - INFO -  - 2025-02-09
2025-07-03 18:19:12,516 - OdinMaster - INFO -  - 2025-02-15
2025-07-03 18:19:12,516 - OdinMaster - INFO -  - 2025-02-16
2025-07-03 18:19:12,516 - OdinMaster - INFO -  - 2025-02-22
2025-07-03 18:19:12,516 - OdinMaster - INFO -  - 2025-02-23
2025-07-03 18:19:12,516 - OdinMaster - INFO -  - 2025-02-26
2025-07-03 18:19:12,517 - OdinMaster - INFO -  - 2025-03-01
2025-07-03 18:19:12,517 - OdinMaster - INFO -  - 2025-03-02
2025-07-03 18:19:12,517 - OdinMaster - INFO -  - 2025-03-08
2025-07-03 18:19:12,517 - OdinMaster - INFO -  - 2025-03-09
2025-07-03 18:19:12,517 - OdinMaster - INFO -  - 2025-03-14
2025-07-03 18:19:12,517 - OdinMaster - INFO -  - 2025-03-15
2025-07-03 18:19:12,517 - OdinMaster - INFO -  - 2025-03-16
2025-07-03 18:19:12,517 - OdinMaster - INFO -  - 2025-03-22
2025-07-03 18:19:12,518 - OdinMaster - INFO -  - 2025-03-23
2025-07-03 18:19:12,518 - OdinMaster - INFO -  - 2025-03-29
2025-07-03 18:19:12,518 - OdinMaster - INFO -  - 2025-03-30
2025-07-03 18:19:12,518 - OdinMaster - INFO -  - 2025-03-31
2025-07-03 18:19:12,518 - OdinMaster - INFO -  - 2025-04-05
2025-07-03 18:19:12,518 - OdinMaster - INFO -  - 2025-04-06
2025-07-03 18:19:12,518 - OdinMaster - INFO -  - 2025-04-10
2025-07-03 18:19:12,519 - OdinMaster - INFO -  - 2025-04-12
2025-07-03 18:19:12,519 - OdinMaster - INFO -  - 2025-04-13
2025-07-03 18:19:12,519 - OdinMaster - INFO -  - 2025-04-14
2025-07-03 18:19:12,519 - OdinMaster - INFO -  - 2025-04-18
2025-07-03 18:19:12,519 - OdinMaster - INFO -  - 2025-04-19
2025-07-03 18:19:12,519 - OdinMaster - INFO -  - 2025-04-20
2025-07-03 18:19:12,519 - OdinMaster - INFO -  - 2025-04-26
2025-07-03 18:19:12,519 - OdinMaster - INFO -  - 2025-04-27
2025-07-03 18:19:12,519 - OdinMaster - INFO -  - 2025-05-01
2025-07-03 18:19:12,520 - OdinMaster - INFO -  - 2025-05-03
2025-07-03 18:19:12,520 - OdinMaster - INFO -  - 2025-05-04
2025-07-03 18:19:12,520 - OdinMaster - INFO -  - 2025-05-10
2025-07-03 18:19:12,520 - OdinMaster - INFO -  - 2025-05-11
2025-07-03 18:19:12,520 - OdinMaster - INFO -  - 2025-05-17
2025-07-03 18:19:12,520 - OdinMaster - INFO -  - 2025-05-18
2025-07-03 18:19:12,520 - OdinMaster - INFO -  - 2025-05-24
2025-07-03 18:19:12,520 - OdinMaster - INFO -  - 2025-05-25
2025-07-03 18:19:12,520 - OdinMaster - INFO -  - 2025-05-31
2025-07-03 18:19:12,520 - OdinMaster - INFO -  - 2025-06-01
2025-07-03 18:19:12,521 - OdinMaster - INFO -  - 2025-06-07
2025-07-03 18:19:12,521 - OdinMaster - INFO -  - 2025-06-08
2025-07-03 18:19:12,521 - OdinMaster - INFO -  - 2025-06-14
2025-07-03 18:19:12,521 - OdinMaster - INFO -  - 2025-06-15
2025-07-03 18:19:12,521 - OdinMaster - INFO -  - 2025-06-21
2025-07-03 18:19:12,521 - OdinMaster - INFO -  - 2025-06-22
2025-07-03 18:19:12,521 - OdinMaster - INFO -  - 2025-06-28
2025-07-03 18:19:12,521 - OdinMaster - INFO -  - 2025-06-29
2025-07-03 18:19:12,521 - OdinMaster - INFO -  - 2025-07-05
2025-07-03 18:19:12,521 - OdinMaster - INFO -  - 2025-07-06
2025-07-03 18:19:12,521 - OdinMaster - INFO -  - 2025-07-12
2025-07-03 18:19:12,521 - OdinMaster - INFO -  - 2025-07-13
2025-07-03 18:19:12,521 - OdinMaster - INFO -  - 2025-07-19
2025-07-03 18:19:12,521 - OdinMaster - INFO -  - 2025-07-20
2025-07-03 18:19:12,522 - OdinMaster - INFO -  - 2025-07-26
2025-07-03 18:19:12,522 - OdinMaster - INFO -  - 2025-07-27
2025-07-03 18:19:12,522 - OdinMaster - INFO -  - 2025-08-02
2025-07-03 18:19:12,522 - OdinMaster - INFO -  - 2025-08-03
2025-07-03 18:19:12,522 - OdinMaster - INFO -  - 2025-08-09
2025-07-03 18:19:12,522 - OdinMaster - INFO -  - 2025-08-10
2025-07-03 18:19:12,522 - OdinMaster - INFO -  - 2025-08-15
2025-07-03 18:19:12,522 - OdinMaster - INFO -  - 2025-08-16
2025-07-03 18:19:12,523 - OdinMaster - INFO -  - 2025-08-17
2025-07-03 18:19:12,523 - OdinMaster - INFO -  - 2025-08-23
2025-07-03 18:19:12,523 - OdinMaster - INFO -  - 2025-08-24
2025-07-03 18:19:12,523 - OdinMaster - INFO -  - 2025-08-27
2025-07-03 18:19:12,523 - OdinMaster - INFO -  - 2025-08-30
2025-07-03 18:19:12,523 - OdinMaster - INFO -  - 2025-08-31
2025-07-03 18:19:12,523 - OdinMaster - INFO -  - 2025-09-06
2025-07-03 18:19:12,523 - OdinMaster - INFO -  - 2025-09-07
2025-07-03 18:19:12,523 - OdinMaster - INFO -  - 2025-09-13
2025-07-03 18:19:12,523 - OdinMaster - INFO -  - 2025-09-14
2025-07-03 18:19:12,525 - OdinMaster - INFO -  - 2025-09-20
2025-07-03 18:19:12,525 - OdinMaster - INFO -  - 2025-09-21
2025-07-03 18:19:12,525 - OdinMaster - INFO -  - 2025-09-27
2025-07-03 18:19:12,525 - OdinMaster - INFO -  - 2025-09-28
2025-07-03 18:19:12,525 - OdinMaster - INFO -  - 2025-10-02
2025-07-03 18:19:12,525 - OdinMaster - INFO -  - 2025-10-04
2025-07-03 18:19:12,525 - OdinMaster - INFO -  - 2025-10-05
2025-07-03 18:19:12,525 - OdinMaster - INFO -  - 2025-10-11
2025-07-03 18:19:12,525 - OdinMaster - INFO -  - 2025-10-12
2025-07-03 18:19:12,525 - OdinMaster - INFO -  - 2025-10-18
2025-07-03 18:19:12,525 - OdinMaster - INFO -  - 2025-10-19
2025-07-03 18:19:12,525 - OdinMaster - INFO -  - 2025-10-22
2025-07-03 18:19:12,526 - OdinMaster - INFO -  - 2025-10-25
2025-07-03 18:19:12,526 - OdinMaster - INFO -  - 2025-10-26
2025-07-03 18:19:12,526 - OdinMaster - INFO -  - 2025-11-01
2025-07-03 18:19:12,526 - OdinMaster - INFO -  - 2025-11-02
2025-07-03 18:19:12,526 - OdinMaster - INFO -  - 2025-11-05
2025-07-03 18:19:12,526 - OdinMaster - INFO -  - 2025-11-08
2025-07-03 18:19:12,526 - OdinMaster - INFO -  - 2025-11-09
2025-07-03 18:19:12,526 - OdinMaster - INFO -  - 2025-11-15
2025-07-03 18:19:12,526 - OdinMaster - INFO -  - 2025-11-16
2025-07-03 18:19:12,526 - OdinMaster - INFO -  - 2025-11-22
2025-07-03 18:19:12,526 - OdinMaster - INFO -  - 2025-11-23
2025-07-03 18:19:12,526 - OdinMaster - INFO -  - 2025-11-29
2025-07-03 18:19:12,526 - OdinMaster - INFO -  - 2025-11-30
2025-07-03 18:19:12,527 - OdinMaster - INFO -  - 2025-12-06
2025-07-03 18:19:12,527 - OdinMaster - INFO -  - 2025-12-07
2025-07-03 18:19:12,527 - OdinMaster - INFO -  - 2025-12-13
2025-07-03 18:19:12,527 - OdinMaster - INFO -  - 2025-12-14
2025-07-03 18:19:12,527 - OdinMaster - INFO -  - 2025-12-20
2025-07-03 18:19:12,527 - OdinMaster - INFO -  - 2025-12-21
2025-07-03 18:19:12,527 - OdinMaster - INFO -  - 2025-12-25
2025-07-03 18:19:12,527 - OdinMaster - INFO -  - 2025-12-27
2025-07-03 18:19:12,527 - OdinMaster - INFO -  - 2025-12-28
2025-07-03 18:19:12,532 - OdinMaster - INFO - Inserted 116 holiday documents into HolidayMaster for NSE_EQ
2025-07-03 18:19:12,536 - OdinMaster - INFO - Inserted 116 holiday documents into HolidayMaster for NSE_FO
2025-07-03 18:19:12,536 - OdinMaster - INFO - Full execution completed in 3.73 seconds.
